2018-11-13 12:47:06 INFO  persistence.dao.AnimalDao - Je suis la fonction Create Animal
2018-11-13 12:47:07 INFO  persistence.dao.AnimalDao - Je suis la fonction Create Animal
2018-11-13 12:47:08 INFO  persistence.dao.AnimalDao - Je suis la fonction Create Animal
2018-11-13 12:47:08 INFO  persistence.dao.AnimalDao - Je suis la fonction Create Animal
2018-11-13 12:50:36 INFO  persistence.dao.AnimalDao - Je suis la fonction Animal FindById
2018-11-13 12:50:36 INFO  persistence.dao.AnimalDao - Je suis la fonction Animal FindById
2018-11-13 12:50:36 INFO  persistence.dao.AnimalDao - Je suis la fonction Animal FindById
2018-11-13 12:50:36 INFO  persistence.dao.AnimalDao - Je suis la fonction Animal FindById
2018-11-13 12:50:37 INFO  persistence.dao.AnimalDao - Je suis la fonction Create Animal
2018-11-13 12:50:37 INFO  persistence.dao.AnimalDao - Je suis la fonction Animal FindById
2018-11-13 12:50:37 INFO  persistence.dao.AnimalDao - Je suis la fonction Animal FindById
2018-11-13 12:50:38 INFO  persistence.dao.AnimalDao - Je suis la fonction Animal FindById
2018-11-13 12:50:39 INFO  persistence.dao.AnimalDao - Je suis la fonction Create Animal
2018-11-13 12:50:39 INFO  persistence.dao.AnimalDao - Je suis la fonction Animal FindById
2018-11-13 12:50:39 INFO  persistence.dao.AnimalDao - Je suis la fonction Create Animal
2018-11-13 12:50:40 INFO  persistence.dao.AnimalDao - Je suis la fonction Animal FindById
2018-11-13 12:50:40 INFO  persistence.dao.AnimalDao - Je suis la fonction Create Animal
2018-11-13 12:50:40 INFO  persistence.dao.AnimalDao - Je suis la fonction Animal FindById
2018-11-13 12:52:04 INFO  persistence.dao.AnimalDao - Je suis la fonction FindById
2018-11-13 12:52:04 INFO  persistence.dao.AnimalDao - Je suis la fonction UpdateById
2018-11-13 12:52:04 INFO  persistence.dao.AnimalDao - Je suis la fonction FindById
2018-11-13 12:52:05 INFO  persistence.dao.AnimalDao - Je suis la fonction FindById
2018-11-13 12:52:05 INFO  persistence.dao.AnimalDao - Je suis la fonction FindById
2018-11-13 12:52:05 INFO  persistence.dao.AnimalDao - Je suis la fonction Create
2018-11-13 12:52:05 INFO  persistence.dao.AnimalDao - Je suis la fonction FindById
2018-11-13 12:52:05 INFO  persistence.dao.AnimalDao - Je suis la fonction FindById
2018-11-13 12:52:06 INFO  persistence.dao.AnimalDao - Je suis la fonction FindList
2018-11-13 12:52:07 INFO  persistence.dao.AnimalDao - Je suis la fonction Create
2018-11-13 12:52:07 INFO  persistence.dao.AnimalDao - Je suis la fonction FindList
2018-11-13 12:52:08 INFO  persistence.dao.AnimalDao - Je suis la fonction Create
2018-11-13 12:52:08 INFO  persistence.dao.AnimalDao - Je suis la fonction FindList
2018-11-13 12:52:09 INFO  persistence.dao.AnimalDao - Je suis la fonction Create
2018-11-13 12:52:09 INFO  persistence.dao.AnimalDao - Je suis la fonction FindList
2018-11-13 12:52:09 INFO  persistence.dao.AnimalDao - Je suis la fonction DeleteById
2018-11-13 12:53:06 INFO  persistence.dao.AnimalDao - Je suis la fonction FindById
2018-11-13 12:53:06 INFO  persistence.dao.AnimalDao - Je suis la fonction UpdateById
2018-11-13 12:53:06 INFO  persistence.dao.AnimalDao - Je suis la fonction FindById
2018-11-13 12:53:07 INFO  persistence.dao.AnimalDao - Je suis la fonction FindById
2018-11-13 12:53:07 INFO  persistence.dao.AnimalDao - Je suis la fonction FindById
2018-11-13 12:53:08 INFO  persistence.dao.AnimalDao - Je suis la fonction Create
2018-11-13 12:53:08 INFO  persistence.dao.AnimalDao - Je suis la fonction FindById
2018-11-13 12:53:08 INFO  persistence.dao.AnimalDao - Je suis la fonction FindById
2018-11-13 12:53:09 INFO  persistence.dao.AnimalDao - Je suis la fonction FindList
2018-11-13 12:53:10 INFO  persistence.dao.AnimalDao - Je suis la fonction Create
2018-11-13 12:53:10 INFO  persistence.dao.AnimalDao - Je suis la fonction FindList
2018-11-13 12:53:10 INFO  persistence.dao.AnimalDao - Je suis la fonction Create
2018-11-13 12:53:11 INFO  persistence.dao.AnimalDao - Je suis la fonction FindList
2018-11-13 12:53:11 INFO  persistence.dao.AnimalDao - Je suis la fonction Create
2018-11-13 12:53:11 INFO  persistence.dao.AnimalDao - Je suis la fonction FindList
2018-11-13 12:53:11 INFO  persistence.dao.AnimalDao - Je suis la fonction DeleteById
2018-11-13 13:30:11 INFO  persistence.dao.AnimalDao - Je suis la fonction FindById
2018-11-13 13:30:11 INFO  persistence.dao.AnimalDao - Je suis la fonction UpdateById
2018-11-13 13:30:11 INFO  persistence.dao.AnimalDao - Je suis la fonction FindById
2018-11-13 13:30:12 INFO  persistence.dao.AnimalDao - Je suis la fonction FindById
2018-11-13 13:30:12 INFO  persistence.dao.AnimalDao - Je suis la fonction FindById
2018-11-13 13:30:13 INFO  persistence.dao.AnimalDao - Je suis la fonction Create
2018-11-13 13:30:13 INFO  persistence.dao.AnimalDao - Je suis la fonction FindById
2018-11-13 13:30:13 INFO  persistence.dao.AnimalDao - Je suis la fonction FindById
2018-11-13 13:30:13 INFO  persistence.dao.AnimalDao - Je suis la fonction FindList
2018-11-13 13:30:15 INFO  persistence.dao.AnimalDao - Je suis la fonction Create
2018-11-13 13:30:15 INFO  persistence.dao.AnimalDao - Je suis la fonction FindList
2018-11-13 13:30:15 INFO  persistence.dao.AnimalDao - Je suis la fonction Create
2018-11-13 13:30:16 INFO  persistence.dao.AnimalDao - Je suis la fonction FindList
2018-11-13 13:30:16 INFO  persistence.dao.AnimalDao - Je suis la fonction Create
2018-11-13 13:30:16 INFO  persistence.dao.AnimalDao - Je suis la fonction FindList
2018-11-13 13:30:16 INFO  persistence.dao.AnimalDao - Je suis la fonction DeleteById
2018-11-13 13:30:19 INFO  persistence.dao.AnimalDao - Je suis la fonction FindById
2018-11-13 13:30:19 INFO  persistence.dao.AnimalDao - Je suis la fonction FindById
2018-11-13 13:30:21 INFO  persistence.dao.AnimalDao - Je suis la fonction FindById
2018-11-13 13:30:53 INFO  persistence.dao.AnimalDao - Je suis la fonction FindById
2018-11-13 13:30:53 INFO  persistence.dao.AnimalDao - Je suis la fonction FindById
2018-11-13 13:30:54 INFO  persistence.dao.AnimalDao - Je suis la fonction FindById
2018-11-13 13:31:00 INFO  persistence.dao.AnimalDao - Je suis la fonction FindById
2018-11-13 13:31:00 INFO  persistence.dao.AnimalDao - Je suis la fonction UpdateById
2018-11-13 13:31:00 INFO  persistence.dao.AnimalDao - Je suis la fonction FindById
2018-11-13 13:31:01 INFO  persistence.dao.AnimalDao - Je suis la fonction FindById
2018-11-13 13:31:01 INFO  persistence.dao.AnimalDao - Je suis la fonction FindById
2018-11-13 13:31:02 INFO  persistence.dao.AnimalDao - Je suis la fonction Create
2018-11-13 13:31:02 INFO  persistence.dao.AnimalDao - Je suis la fonction FindById
2018-11-13 13:31:02 INFO  persistence.dao.AnimalDao - Je suis la fonction FindById
2018-11-13 13:31:03 INFO  persistence.dao.AnimalDao - Je suis la fonction FindList
2018-11-13 13:31:04 INFO  persistence.dao.AnimalDao - Je suis la fonction Create
2018-11-13 13:31:04 INFO  persistence.dao.AnimalDao - Je suis la fonction FindList
2018-11-13 13:31:04 INFO  persistence.dao.AnimalDao - Je suis la fonction Create
2018-11-13 13:31:06 INFO  persistence.dao.AnimalDao - Je suis la fonction FindList
2018-11-13 13:31:06 INFO  persistence.dao.AnimalDao - Je suis la fonction Create
2018-11-13 13:31:06 INFO  persistence.dao.AnimalDao - Je suis la fonction FindList
2018-11-13 13:31:06 INFO  persistence.dao.AnimalDao - Je suis la fonction DeleteById
2018-11-20 10:37:39 INFO  persistence.dao.AnimalDao - Je suis la fonction FindById
2018-11-20 10:37:39 INFO  persistence.dao.AnimalDao - Je suis la fonction UpdateById
2018-11-20 10:37:39 INFO  persistence.dao.AnimalDao - Je suis la fonction FindById
2018-11-20 10:37:40 INFO  persistence.dao.AnimalDao - Je suis la fonction FindById
2018-11-20 10:37:40 INFO  persistence.dao.AnimalDao - Je suis la fonction FindById
2018-11-20 10:37:41 INFO  persistence.dao.AnimalDao - Je suis la fonction Create
2018-11-20 10:37:41 INFO  persistence.dao.AnimalDao - Je suis la fonction FindById
2018-11-20 10:37:41 INFO  persistence.dao.AnimalDao - Je suis la fonction FindById
2018-11-20 10:37:42 INFO  persistence.dao.AnimalDao - Je suis la fonction FindList
2018-11-20 10:37:43 INFO  persistence.dao.AnimalDao - Je suis la fonction Create
2018-11-20 10:37:43 INFO  persistence.dao.AnimalDao - Je suis la fonction FindList
2018-11-20 10:37:43 INFO  persistence.dao.AnimalDao - Je suis la fonction Create
2018-11-20 10:37:44 INFO  persistence.dao.AnimalDao - Je suis la fonction FindList
2018-11-20 10:37:44 INFO  persistence.dao.AnimalDao - Je suis la fonction Create
2018-11-20 10:37:44 INFO  persistence.dao.AnimalDao - Je suis la fonction FindList
2018-11-20 10:37:44 INFO  persistence.dao.AnimalDao - Je suis la fonction DeleteById
2018-11-20 10:37:48 INFO  persistence.dao.AnimalDao - Je suis la fonction FindById
2018-11-20 10:37:48 INFO  persistence.dao.AnimalDao - Je suis la fonction FindById
2018-11-20 10:37:50 INFO  persistence.dao.AnimalDao - Je suis la fonction FindById
2018-11-20 10:57:01 INFO  persistence.dao.AnimalDao - Je suis la fonction FindById
2018-11-20 10:57:02 INFO  persistence.dao.AnimalDao - Je suis la fonction UpdateById
2018-11-20 10:57:02 INFO  persistence.dao.AnimalDao - Je suis la fonction FindById
2018-11-20 10:57:02 INFO  persistence.dao.AnimalDao - Je suis la fonction FindById
2018-11-20 10:57:02 INFO  persistence.dao.AnimalDao - Je suis la fonction FindById
2018-11-20 10:57:03 INFO  persistence.dao.AnimalDao - Je suis la fonction Create
2018-11-20 10:57:03 INFO  persistence.dao.AnimalDao - Je suis la fonction FindById
2018-11-20 10:57:03 INFO  persistence.dao.AnimalDao - Je suis la fonction FindById
2018-11-20 10:57:04 INFO  persistence.dao.AnimalDao - Je suis la fonction FindList
2018-11-20 10:57:05 INFO  persistence.dao.AnimalDao - Je suis la fonction Create
2018-11-20 10:57:05 INFO  persistence.dao.AnimalDao - Je suis la fonction FindList
2018-11-20 10:57:05 INFO  persistence.dao.AnimalDao - Je suis la fonction Create
2018-11-20 10:57:06 INFO  persistence.dao.AnimalDao - Je suis la fonction FindList
2018-11-20 10:57:06 INFO  persistence.dao.AnimalDao - Je suis la fonction Create
2018-11-20 10:57:06 INFO  persistence.dao.AnimalDao - Je suis la fonction FindList
2018-11-20 10:57:06 INFO  persistence.dao.AnimalDao - Je suis la fonction DeleteById
2018-11-20 10:57:10 INFO  persistence.dao.AnimalDao - Je suis la fonction FindById
2018-11-20 10:57:10 INFO  persistence.dao.AnimalDao - Je suis la fonction FindById
2018-11-20 10:57:11 INFO  persistence.dao.AnimalDao - Je suis la fonction FindById
2018-12-10 16:35:20 INFO  persistence.dao.AnimalDao - Je suis la fonction FindById
2018-12-10 16:35:20 INFO  persistence.dao.AnimalDao - Je suis la fonction FindById
2018-12-10 16:35:21 INFO  persistence.dao.AnimalDao - Je suis la fonction FindById
